Using pre-set license
Built from '2020.2/release' branch; Version is '2020.2.1f1 (270dd8c3da1c) revision 2559448'; Using compiler version '192528614'; Build Type 'Release'
OS: 'Windows 10  (10.0.0) 64bit' Language: 'en' Physical Memory: 16119 MB
BatchMode: 1, IsHumanControllingUs: 0, StartBugReporterOnCrash: 0, Is64bit: 1, IsPro: 0

 COMMAND LINE ARGUMENTS:
C:\Program Files\Unity\2020.2.1f1\Editor\Unity.exe
-adb2
-batchMode
-noUpm
-name
AssetImportWorker0
-projectPath
C:/Users/vcastelo/Documents/SpheroHero/HoloSphere
-logFile
Logs/AssetImportWorker0.log
-srvPort
50454
Successfully changed project path to: C:/Users/vcastelo/Documents/SpheroHero/HoloSphere
C:/Users/vcastelo/Documents/SpheroHero/HoloSphere
Using Asset Import Pipeline V2.
Refreshing native plugins compatible for Editor in 56.83 ms, found 0 plugins.
Preloading 0 native plugins for Editor in 0.00 ms.
Initialize engine version: 2020.2.1f1 (270dd8c3da1c)
[Subsystems] Discovering subsystems at path C:/Program Files/Unity/2020.2.1f1/Editor/Data/Resources/UnitySubsystems
[Subsystems] Discovering subsystems at path C:/Users/vcastelo/Documents/SpheroHero/HoloSphere/Assets
GfxDevice: creating device client; threaded=0
Direct3D:
    Version:  Direct3D 11.0 [level 11.1]
    Renderer: NVIDIA GeForce GTX 1050 Ti with Max-Q Design (ID=0x1c8c)
    Vendor:   
    VRAM:     4021 MB
    Driver:   27.21.14.6109
Initialize mono
Mono path[0] = 'C:/Program Files/Unity/2020.2.1f1/Editor/Data/Managed'
Mono path[1] = 'C:/Program Files/Unity/2020.2.1f1/Editor/Data/MonoBleedingEdge/lib/mono/unityjit'
Mono config path = 'C:/Program Files/Unity/2020.2.1f1/Editor/Data/MonoBleedingEdge/etc'
Using monoOptions --debugger-agent=transport=dt_socket,embedding=1,server=y,suspend=n,address=127.0.0.1:56868
Begin MonoManager ReloadAssembly
Registering precompiled unity dll's ...
Register platform support module: C:/Program Files/Unity/2020.2.1f1/Editor/Data/PlaybackEngines/WebGLSupport/UnityEditor.WebGL.Extensions.dll
Register platform support module: C:/Program Files/Unity/2020.2.1f1/Editor/Data/PlaybackEngines/WindowsStandaloneSupport/UnityEditor.WindowsStandalone.Extensions.dll
Registered in 0.002663 seconds.
Native extension for WindowsStandalone target not found
Native extension for WebGL target not found
Refreshing native plugins compatible for Editor in 52.63 ms, found 0 plugins.
Preloading 0 native plugins for Editor in 0.00 ms.
Invoked RoslynAnalysisRunner static constructor.
RoslynAnalysisRunner will not be running.
RoslynAnalysisRunner has terminated.
Mono: successfully reloaded assembly
- Completed reload, in  1.347 seconds
Platform modules already initialized, skipping
Registering precompiled user dll's ...
Registered in 0.001343 seconds.
Begin MonoManager ReloadAssembly
Native extension for WindowsStandalone target not found
Native extension for WebGL target not found
Refreshing native plugins compatible for Editor in 53.25 ms, found 0 plugins.
Preloading 0 native plugins for Editor in 0.00 ms.
Invoked RoslynAnalysisRunner static constructor.
RoslynAnalysisRunner will not be running.
RoslynAnalysisRunner has terminated.
Mono: successfully reloaded assembly
- Completed reload, in  0.960 seconds
Platform modules already initialized, skipping
========================================================================
Worker process is ready to serve import requests
Launched and connected shader compiler UnityShaderCompiler.exe after 0.03 seconds
Refreshing native plugins compatible for Editor in 0.34 ms, found 0 plugins.
Preloading 0 native plugins for Editor in 0.00 ms.
Unloading 1460 Unused Serialized files (Serialized files now loaded: 0)
System memory in use before: 67.8 MB.
System memory in use after: 67.9 MB.

Unloading 19 unused Assets to reduce memory usage. Loaded Objects now: 1895.
Total: 1.849400 ms (FindLiveObjects: 0.159400 ms CreateObjectMapping: 0.054100 ms MarkObjects: 1.579100 ms  DeleteObjects: 0.055700 ms)

========================================================================
Received Import Request.
  path: Assets/Scenes/SpheroConnectionScene.unity
  artifactKey: Guid(b5205bfd35ea847aa8a02729301596ee) Importer(815301076,1909f56bfc062723c751e8b465ee728b)
Start importing Assets/Scenes/SpheroConnectionScene.unity using Guid(b5205bfd35ea847aa8a02729301596ee) Importer(815301076,1909f56bfc062723c751e8b465ee728b)  -> (artifact id: '491d0f40be20332dd232c5f77c61eeac') in 0.012614 seconds
  Import took 0.015014 seconds .

========================================================================
Received Import Request.
  Time since last request: 66.991226 seconds.
  path: Assets/README.txt
  artifactKey: Guid(8e67ebf1556314146a9cd87104cd5dfc) Importer(815301076,1909f56bfc062723c751e8b465ee728b)
Start importing Assets/README.txt using Guid(8e67ebf1556314146a9cd87104cd5dfc) Importer(815301076,1909f56bfc062723c751e8b465ee728b)  -> (artifact id: '778050b4c78038bd0a75a84c059eefcf') in 0.057443 seconds
  Import took 0.060686 seconds .

========================================================================
Received Import Request.
  Time since last request: 110.970536 seconds.
  path: Assets/Scenes/UISampleScene.unity
  artifactKey: Guid(1c974b40ed9a84c5595a5210fb41a83b) Importer(815301076,1909f56bfc062723c751e8b465ee728b)
Start importing Assets/Scenes/UISampleScene.unity using Guid(1c974b40ed9a84c5595a5210fb41a83b) Importer(815301076,1909f56bfc062723c751e8b465ee728b)  -> (artifact id: '7a3879e6cc0932f3247bfcf63cb56efa') in 0.003197 seconds
  Import took 0.005693 seconds .

========================================================================
Received Import Request.
  Time since last request: 0.000640 seconds.
  path: Assets/Scenes/UISampleScene.unity
  artifactKey: Guid(1c974b40ed9a84c5595a5210fb41a83b) Importer(815301076,1909f56bfc062723c751e8b465ee728b)
Start importing Assets/Scenes/UISampleScene.unity using Guid(1c974b40ed9a84c5595a5210fb41a83b) Importer(815301076,1909f56bfc062723c751e8b465ee728b)  -> (artifact id: '7a3879e6cc0932f3247bfcf63cb56efa') in 0.002486 seconds
  Import took 0.004670 seconds .

========================================================================
Received Import Request.
  Time since last request: 54.279071 seconds.
  path: Assets/Scenes/HelloWorldScene.unity
  artifactKey: Guid(408061f904ab346269a29a518d5e0fd4) Importer(815301076,1909f56bfc062723c751e8b465ee728b)
Start importing Assets/Scenes/HelloWorldScene.unity using Guid(408061f904ab346269a29a518d5e0fd4) Importer(815301076,1909f56bfc062723c751e8b465ee728b)  -> (artifact id: '19b3149886633a6d5bfc20c4c0c284c5') in 0.004251 seconds
  Import took 0.007302 seconds .

========================================================================
Received Import Request.
  Time since last request: 0.000828 seconds.
  path: Assets/Scenes/HelloWorldScene.unity
  artifactKey: Guid(408061f904ab346269a29a518d5e0fd4) Importer(815301076,1909f56bfc062723c751e8b465ee728b)
Start importing Assets/Scenes/HelloWorldScene.unity using Guid(408061f904ab346269a29a518d5e0fd4) Importer(815301076,1909f56bfc062723c751e8b465ee728b)  -> (artifact id: '19b3149886633a6d5bfc20c4c0c284c5') in 0.002538 seconds
  Import took 0.004893 seconds .

========================================================================
Received Import Request.
  Time since last request: 31.118509 seconds.
  path: Assets/Plugins
  artifactKey: Guid(e59db96a7738edc4e8ac690232fb6e1c) Importer(815301076,1909f56bfc062723c751e8b465ee728b)
Start importing Assets/Plugins using Guid(e59db96a7738edc4e8ac690232fb6e1c) Importer(815301076,1909f56bfc062723c751e8b465ee728b)  -> (artifact id: '2a57506ddad571477b7dffacaead5ee1') in 0.003831 seconds
  Import took 0.006203 seconds .

========================================================================
Received Prepare
Registering precompiled user dll's ...
Registered in 0.001197 seconds.
Begin MonoManager ReloadAssembly
Native extension for WindowsStandalone target not found
Native extension for WebGL target not found
Refreshing native plugins compatible for Editor in 0.41 ms, found 0 plugins.
Preloading 0 native plugins for Editor in 0.00 ms.
Invoked RoslynAnalysisRunner static constructor.
RoslynAnalysisRunner will not be running.
RoslynAnalysisRunner has terminated.
Mono: successfully reloaded assembly
- Completed reload, in  0.882 seconds
Platform modules already initialized, skipping
Refreshing native plugins compatible for Editor in 0.30 ms, found 0 plugins.
Preloading 0 native plugins for Editor in 0.00 ms.
Unloading 1454 Unused Serialized files (Serialized files now loaded: 0)
System memory in use before: 68.0 MB.
System memory in use after: 68.1 MB.

Unloading 12 unused Assets to reduce memory usage. Loaded Objects now: 1898.
Total: 4.426500 ms (FindLiveObjects: 0.380700 ms CreateObjectMapping: 0.141900 ms MarkObjects: 3.832700 ms  DeleteObjects: 0.068100 ms)

========================================================================
Received Import Request.
  Time since last request: 304.200483 seconds.
  path: Assets/Scenes/NoSpheroConnectedScene.unity
  artifactKey: Guid(4bd19df3f94c24552867ffa6ca55fcce) Importer(815301076,1909f56bfc062723c751e8b465ee728b)
Start importing Assets/Scenes/NoSpheroConnectedScene.unity using Guid(4bd19df3f94c24552867ffa6ca55fcce) Importer(815301076,1909f56bfc062723c751e8b465ee728b)  -> (artifact id: '1f0697e73cd57db6931f509b544241f1') in 0.014663 seconds
  Import took 0.016961 seconds .

========================================================================
Received Import Request.
  Time since last request: 59.324583 seconds.
  path: Assets/Scenes/SensorStreamingScene.unity
  artifactKey: Guid(f0b469627282c4ecc948c8c60878be38) Importer(815301076,1909f56bfc062723c751e8b465ee728b)
Start importing Assets/Scenes/SensorStreamingScene.unity using Guid(f0b469627282c4ecc948c8c60878be38) Importer(815301076,1909f56bfc062723c751e8b465ee728b)  -> (artifact id: '3b4f0b8ce03d0e02d2a3066e56f461e0') in 0.004053 seconds
  Import took 0.009191 seconds .

========================================================================
Received Import Request.
  Time since last request: 0.001228 seconds.
  path: Assets/Scenes/SensorStreamingScene.unity
  artifactKey: Guid(f0b469627282c4ecc948c8c60878be38) Importer(815301076,1909f56bfc062723c751e8b465ee728b)
Start importing Assets/Scenes/SensorStreamingScene.unity using Guid(f0b469627282c4ecc948c8c60878be38) Importer(815301076,1909f56bfc062723c751e8b465ee728b)  -> (artifact id: '3b4f0b8ce03d0e02d2a3066e56f461e0') in 0.002344 seconds
  Import took 0.004735 seconds .

========================================================================
Received Prepare
Refreshing native plugins compatible for Editor in 3.41 ms, found 0 plugins.
Preloading 0 native plugins for Editor in 0.00 ms.
Unloading 10 Unused Serialized files (Serialized files now loaded: 0)
System memory in use before: 39.5 MB.
System memory in use after: 39.6 MB.

Unloading 10 unused Assets to reduce memory usage. Loaded Objects now: 1898.
Total: 2.276700 ms (FindLiveObjects: 0.165100 ms CreateObjectMapping: 0.043400 ms MarkObjects: 2.048800 ms  DeleteObjects: 0.017800 ms)

AssetImportWorkerClient::OnTransportError - code=2 error=End of file
